<?xml version="1.0" encoding="UTF-8"?>
<!-- Generated by org.testng.reporters.JUnitXMLReporter -->
<testsuite ignored="1" hostname="DESKTOP-5O0FCEA" failures="0" tests="10" name="POMTest" time="281.234" errors="0" timestamp="2023-06-20T19:29:13 IST">
  <testcase classname="com.automation.tests.LoginTest" name="sfdcEmptyPassword" time="1.969"/>
  <testcase classname="com.automation.tests.LoginTest" name="sfdcForgotPwd" time="3.542"/>
  <testcase classname="com.automation.tests.LoginTest" name="sfdcInvalidLogin" time="4.655"/>
  <testcase classname="com.automation.tests.LoginTest" name="sfdcRememberCheck" time="18.188"/>
  <testcase classname="com.automation.tests.LoginTest" name="sfdcvalidLogin" time="12.356"/>
  <testcase classname="com.automation.tests.LeadTest" name="sfdcLead" time="26.661"/>
  <testcase classname="com.automation.tests.LeadTest" name="sfdcLeadGo" time="46.924"/>
  <testcase classname="com.automation.tests.LeadTest" name="sfdcLeadHome" time="33.014"/>
  <testcase classname="com.automation.tests.LeadTest" name="sfdcLeadNewButtonCheck" time="39.208"/>
  <testcase classname="com.automation.tests.LeadTest" name="sfdcTodayLead" time="33.562"/>
  <testcase classname="com.automation.base.BaseTest" name="@BeforeTest setUpForBeforeTest" time="0.0">
    <ignored/>
  </testcase> <!-- @BeforeTest setUpForBeforeTest -->
</testsuite> <!-- POMTest -->
